<?xml version="1.0" encoding="UTF-8"?>
<testsuite xmlns:xsi="http://www.w3.org/2001/XMLSchema-instance" xsi:noNamespaceSchemaLocation="https://maven.apache.org/surefire/maven-surefire-plugin/xsd/surefire-test-report.xsd" version="3.0.2" name="com.pk.phosphate.PhosphateApplicationTests" time="5.399" tests="1" errors="0" skipped="0" failures="0">
  <properties>
[...]
</properties>
  <testcase name="contextLoads" classname="com.pk.phosphate.PhosphateApplicationTests" time="0.363">
    <system-out><![CDATA[19:43:25.092 [main] INFO org.springframework.test.context.support.AnnotationConfigContextLoaderUtils -- Could not detect default configuration classes for test class [com.pk.phosphate.PhosphateApplicationTests]: PhosphateApplicationTests does not declare any static, non-private, non-final, nested classes annotated with @Configuration.
19:43:25.141 [main] INFO org.springframework.boot.test.context.SpringBootTestContextBootstrapper -- Found @SpringBootConfiguration com.pk.phosphate.PhosphateApplication for test class com.pk.phosphate.PhosphateApplicationTests

  .   ____          _            __ _ _
 /\\ / ___'_ __ _ _(_)_ __  __ _ \ \ \ \
( ( )\___ | '_ | '_| | '_ \/ _` | \ \ \ \
 \\/  ___)| |_)| | | | | || (_| |  ) ) ) )
  '  |____| .__|_| |_|_| |_\__, | / / / /
 =========|_|==============|___/=/_/_/_/

 :: Spring Boot ::                (v3.4.2)

2025-02-02T19:43:25.293-05:00  INFO 99154 --- [phosphate] [           main] c.p.phosphate.PhosphateApplicationTests  : Starting PhosphateApplicationTests using Java 23.0.2 with PID 99154 (started by pk in /Users/pk/code/phosphate)
2025-02-02T19:43:25.294-05:00  INFO 99154 --- [phosphate] [           main] c.p.phosphate.PhosphateApplicationTests  : No active profile set, falling back to 1 default profile: "default"
2025-02-02T19:43:26.329-05:00  INFO 99154 --- [phosphate] [           main] c.p.phosphate.PhosphateApplicationTests  : Started PhosphateApplicationTests in 1.127 seconds (process running for 1.529)
2025-02-02T19:43:26.598-05:00  INFO 99154 --- [phosphate] [           main] com.pk.phosphate.LoaderConfig            : Loading document into vector store
2025-02-02T19:43:26.851-05:00  INFO 99154 --- [phosphate] [           main] o.s.a.transformer.splitter.TextSplitter  : Splitting up document into 6 chunks.
2025-02-02T19:43:30.051-05:00  INFO 99154 --- [phosphate] [           main] com.pk.phosphate.LoaderConfig            : Documents loaded into vector store
]]></system-out>
    <system-err><![CDATA[Mockito is currently self-attaching to enable the inline-mock-maker. This will no longer work in future releases of the JDK. Please add Mockito as an agent to your build what is described in Mockito's documentation: https://javadoc.io/doc/org.mockito/mockito-core/latest/org/mockito/Mockito.html#0.3
WARNING: A Java agent has been loaded dynamically (/Users/pk/.m2/repository/net/bytebuddy/byte-buddy-agent/1.15.11/byte-buddy-agent-1.15.11.jar)
WARNING: If a serviceability tool is in use, please run with -XX:+EnableDynamicAgentLoading to hide this warning
WARNING: If a serviceability tool is not in use, please run with -Djdk.instrument.traceUsage for more information
WARNING: Dynamic loading of agents will be disallowed by default in a future release
]]></system-err>
  </testcase>
</testsuite>